<?xml version="1.0" encoding="UTF-8"?>
<!-- Generated by org.testng.reporters.JUnitReportReporter -->
<testsuite hostname="DESKTOP-L9JMAV8" failures="0" tests="3" name="Tests.Login" time="40.820" errors="0" timestamp="2022-12-16T16:51:44 AST" skipped="0">
  <testcase classname="Tests.Login" name="login_test" time="6.203"/>
  <system-out/>
  <testcase classname="Tests.Login" name="login_test" time="26.444"/>
  <system-out/>
  <testcase classname="Tests.Login" name="login_test" time="8.173"/>
  <system-out/>
</testsuite> <!-- Tests.Login -->
